<?xml version="1.0" encoding="UTF-8"?>
<testng-results skipped="0" failed="0" ignored="0" total="1" passed="1">
  <reporter-output>
  </reporter-output>
  <suite name="Suite" duration-ms="16781" started-at="2021-08-05T16:52:44Z" finished-at="2021-08-05T16:53:01Z">
    <groups>
    </groups>
    <test name="Test" duration-ms="16781" started-at="2021-08-05T16:52:44Z" finished-at="2021-08-05T16:53:01Z">
      <class name="parameterized_CLIExecution.Parameterized_CLI_Execution">
        <test-method status="PASS" signature="setup(java.lang.String, java.lang.String)[pri:0, instance:parameterized_CLIExecution.Parameterized_CLI_Execution@636be97c]" name="setup" is-config="true" duration-ms="7799" started-at="2021-08-05T16:52:44Z" finished-at="2021-08-05T16:52:52Z">
          <params>
            <param index="0">
              <value>
                <![CDATA[chrome]]>
              </value>
            </param>
            <param index="1">
              <value>
                <![CDATA[https://ui.cogmento.com/]]>
              </value>
            </param>
          </params>
          <reporter-output>
          </reporter-output>
        </test-method> <!-- setup -->
        <test-method status="PASS" signature="test1()[pri:0, instance:parameterized_CLIExecution.Parameterized_CLI_Execution@636be97c]" name="test1" duration-ms="7903" started-at="2021-08-05T16:52:52Z" finished-at="2021-08-05T16:53:00Z">
          <reporter-output>
          </reporter-output>
        </test-method> <!-- test1 -->
        <test-method status="PASS" signature="tearDown()[pri:0, instance:parameterized_CLIExecution.Parameterized_CLI_Execution@636be97c]" name="tearDown" is-config="true" duration-ms="1034" started-at="2021-08-05T16:53:00Z" finished-at="2021-08-05T16:53:01Z">
          <reporter-output>
          </reporter-output>
        </test-method> <!-- tearDown -->
      </class> <!-- parameterized_CLIExecution.Parameterized_CLI_Execution -->
    </test> <!-- Test -->
  </suite> <!-- Suite -->
</testng-results>
